[0.628s] Invoking command in '/home/mamba/ros2_reference_square/reference_square': PYTHONPATH=/home/mamba/ros2_reference_square/build/reference_square/prefix_override:/home/mamba/ros2_reference_square/install/reference_square/lib/python3.8/site-packages:${PYTHONPATH} /usr/bin/python3 setup.py egg_info --egg-base ../build/reference_square build --build-base /home/mamba/ros2_reference_square/build/reference_square/build install --record /home/mamba/ros2_reference_square/build/reference_square/install.log --install-scripts $base/lib/reference_square --single-version-externally-managed
[0.839s] running egg_info
[0.839s] writing ../build/reference_square/reference_square.egg-info/PKG-INFO
[0.839s] writing dependency_links to ../build/reference_square/reference_square.egg-info/dependency_links.txt
[0.840s] writing entry points to ../build/reference_square/reference_square.egg-info/entry_points.txt
[0.840s] writing requirements to ../build/reference_square/reference_square.egg-info/requires.txt
[0.840s] writing top-level names to ../build/reference_square/reference_square.egg-info/top_level.txt
[0.870s] reading manifest file '../build/reference_square/reference_square.egg-info/SOURCES.txt'
[0.870s] writing manifest file '../build/reference_square/reference_square.egg-info/SOURCES.txt'
[0.870s] running build
[0.871s] running build_py
[0.871s] copying reference_square/image_pub.py -> /home/mamba/ros2_reference_square/build/reference_square/build/lib/reference_square
[0.871s] running install
[0.872s] running install_lib
[0.872s] copying /home/mamba/ros2_reference_square/build/reference_square/build/lib/reference_square/image_pub.py -> /home/mamba/ros2_reference_square/install/reference_square/lib/python3.8/site-packages/reference_square
[0.873s] byte-compiling /home/mamba/ros2_reference_square/install/reference_square/lib/python3.8/site-packages/reference_square/image_pub.py to image_pub.cpython-38.pyc
[0.874s] running install_data
[0.874s] running install_egg_info
[0.876s] removing '/home/mamba/ros2_reference_square/install/reference_square/lib/python3.8/site-packages/reference_square-0.0.0-py3.8.egg-info' (and everything under it)
[0.876s] Copying ../build/reference_square/reference_square.egg-info to /home/mamba/ros2_reference_square/install/reference_square/lib/python3.8/site-packages/reference_square-0.0.0-py3.8.egg-info
[0.876s] running install_scripts
[0.891s] Installing camerainfo_pub script to /home/mamba/ros2_reference_square/install/reference_square/lib/reference_square
[0.891s] Installing image_pub script to /home/mamba/ros2_reference_square/install/reference_square/lib/reference_square
[0.891s] Installing odom_pub script to /home/mamba/ros2_reference_square/install/reference_square/lib/reference_square
[0.891s] Installing reference_square script to /home/mamba/ros2_reference_square/install/reference_square/lib/reference_square
[0.891s] writing list of installed files to '/home/mamba/ros2_reference_square/build/reference_square/install.log'
[0.908s] Invoked command in '/home/mamba/ros2_reference_square/reference_square' returned '0': PYTHONPATH=/home/mamba/ros2_reference_square/build/reference_square/prefix_override:/home/mamba/ros2_reference_square/install/reference_square/lib/python3.8/site-packages:${PYTHONPATH} /usr/bin/python3 setup.py egg_info --egg-base ../build/reference_square build --build-base /home/mamba/ros2_reference_square/build/reference_square/build install --record /home/mamba/ros2_reference_square/build/reference_square/install.log --install-scripts $base/lib/reference_square --single-version-externally-managed
