[0.621s] Invoking command in '/home/mamba/ros2_reference_square/reference_square': PYTHONPATH=/home/mamba/ros2_reference_square/build/reference_square/prefix_override:/home/mamba/ros2_reference_square/install/reference_square/lib/python3.8/site-packages:${PYTHONPATH} /usr/bin/python3 setup.py egg_info --egg-base ../build/reference_square build --build-base /home/mamba/ros2_reference_square/build/reference_square/build install --record /home/mamba/ros2_reference_square/build/reference_square/install.log --install-scripts $base/lib/reference_square --single-version-externally-managed
[0.835s] running egg_info
[0.835s] writing ../build/reference_square/reference_square.egg-info/PKG-INFO
[0.835s] writing dependency_links to ../build/reference_square/reference_square.egg-info/dependency_links.txt
[0.835s] writing entry points to ../build/reference_square/reference_square.egg-info/entry_points.txt
[0.835s] writing requirements to ../build/reference_square/reference_square.egg-info/requires.txt
[0.836s] writing top-level names to ../build/reference_square/reference_square.egg-info/top_level.txt
[0.866s] reading manifest file '../build/reference_square/reference_square.egg-info/SOURCES.txt'
[0.866s] writing manifest file '../build/reference_square/reference_square.egg-info/SOURCES.txt'
[0.867s] running build
[0.867s] running build_py
[0.867s] copying reference_square/odom_pub.py -> /home/mamba/ros2_reference_square/build/reference_square/build/lib/reference_square
[0.867s] running install
[0.868s] running install_lib
[0.868s] copying /home/mamba/ros2_reference_square/build/reference_square/build/lib/reference_square/odom_pub.py -> /home/mamba/ros2_reference_square/install/reference_square/lib/python3.8/site-packages/reference_square
[0.869s] byte-compiling /home/mamba/ros2_reference_square/install/reference_square/lib/python3.8/site-packages/reference_square/odom_pub.py to odom_pub.cpython-38.pyc
[0.870s] running install_data
[0.871s] running install_egg_info
[0.872s] removing '/home/mamba/ros2_reference_square/install/reference_square/lib/python3.8/site-packages/reference_square-0.0.0-py3.8.egg-info' (and everything under it)
[0.872s] Copying ../build/reference_square/reference_square.egg-info to /home/mamba/ros2_reference_square/install/reference_square/lib/python3.8/site-packages/reference_square-0.0.0-py3.8.egg-info
[0.873s] running install_scripts
[0.888s] Installing camerainfo_pub script to /home/mamba/ros2_reference_square/install/reference_square/lib/reference_square
[0.889s] Installing image_pub script to /home/mamba/ros2_reference_square/install/reference_square/lib/reference_square
[0.889s] Installing odom_pub script to /home/mamba/ros2_reference_square/install/reference_square/lib/reference_square
[0.889s] Installing reference_square script to /home/mamba/ros2_reference_square/install/reference_square/lib/reference_square
[0.889s] writing list of installed files to '/home/mamba/ros2_reference_square/build/reference_square/install.log'
[0.909s] Invoked command in '/home/mamba/ros2_reference_square/reference_square' returned '0': PYTHONPATH=/home/mamba/ros2_reference_square/build/reference_square/prefix_override:/home/mamba/ros2_reference_square/install/reference_square/lib/python3.8/site-packages:${PYTHONPATH} /usr/bin/python3 setup.py egg_info --egg-base ../build/reference_square build --build-base /home/mamba/ros2_reference_square/build/reference_square/build install --record /home/mamba/ros2_reference_square/build/reference_square/install.log --install-scripts $base/lib/reference_square --single-version-externally-managed
