[0.663s] Invoking command in '/home/mamba/ros2_reference_square/reference_square': PYTHONPATH=/home/mamba/ros2_reference_square/build/reference_square/prefix_override:/home/mamba/ros2_reference_square/install/reference_square/lib/python3.8/site-packages:${PYTHONPATH} /usr/bin/python3 setup.py egg_info --egg-base ../build/reference_square build --build-base /home/mamba/ros2_reference_square/build/reference_square/build install --record /home/mamba/ros2_reference_square/build/reference_square/install.log --install-scripts $base/lib/reference_square --single-version-externally-managed
[0.880s] running egg_info
[0.880s] writing ../build/reference_square/reference_square.egg-info/PKG-INFO
[0.880s] writing dependency_links to ../build/reference_square/reference_square.egg-info/dependency_links.txt
[0.881s] writing entry points to ../build/reference_square/reference_square.egg-info/entry_points.txt
[0.881s] writing requirements to ../build/reference_square/reference_square.egg-info/requires.txt
[0.881s] writing top-level names to ../build/reference_square/reference_square.egg-info/top_level.txt
[0.915s] reading manifest file '../build/reference_square/reference_square.egg-info/SOURCES.txt'
[0.916s] writing manifest file '../build/reference_square/reference_square.egg-info/SOURCES.txt'
[0.916s] running build
[0.916s] running build_py
[0.916s] copying reference_square/reference_square.py -> /home/mamba/ros2_reference_square/build/reference_square/build/lib/reference_square
[0.917s] running install
[0.918s] running install_lib
[0.919s] copying /home/mamba/ros2_reference_square/build/reference_square/build/lib/reference_square/reference_square.py -> /home/mamba/ros2_reference_square/install/reference_square/lib/python3.8/site-packages/reference_square
[0.920s] byte-compiling /home/mamba/ros2_reference_square/install/reference_square/lib/python3.8/site-packages/reference_square/reference_square.py to reference_square.cpython-38.pyc
[0.922s] running install_data
[0.922s] running install_egg_info
[0.924s] removing '/home/mamba/ros2_reference_square/install/reference_square/lib/python3.8/site-packages/reference_square-0.0.0-py3.8.egg-info' (and everything under it)
[0.924s] Copying ../build/reference_square/reference_square.egg-info to /home/mamba/ros2_reference_square/install/reference_square/lib/python3.8/site-packages/reference_square-0.0.0-py3.8.egg-info
[0.925s] running install_scripts
[0.945s] Installing camerainfo_pub script to /home/mamba/ros2_reference_square/install/reference_square/lib/reference_square
[0.945s] Installing image_pub script to /home/mamba/ros2_reference_square/install/reference_square/lib/reference_square
[0.946s] Installing odom_pub script to /home/mamba/ros2_reference_square/install/reference_square/lib/reference_square
[0.946s] Installing reference_square script to /home/mamba/ros2_reference_square/install/reference_square/lib/reference_square
[0.946s] writing list of installed files to '/home/mamba/ros2_reference_square/build/reference_square/install.log'
[0.964s] Invoked command in '/home/mamba/ros2_reference_square/reference_square' returned '0': PYTHONPATH=/home/mamba/ros2_reference_square/build/reference_square/prefix_override:/home/mamba/ros2_reference_square/install/reference_square/lib/python3.8/site-packages:${PYTHONPATH} /usr/bin/python3 setup.py egg_info --egg-base ../build/reference_square build --build-base /home/mamba/ros2_reference_square/build/reference_square/build install --record /home/mamba/ros2_reference_square/build/reference_square/install.log --install-scripts $base/lib/reference_square --single-version-externally-managed
