running egg_info
writing ../build/reference_square/reference_square.egg-info/PKG-INFO
writing dependency_links to ../build/reference_square/reference_square.egg-info/dependency_links.txt
writing entry points to ../build/reference_square/reference_square.egg-info/entry_points.txt
writing requirements to ../build/reference_square/reference_square.egg-info/requires.txt
writing top-level names to ../build/reference_square/reference_square.egg-info/top_level.txt
reading manifest file '../build/reference_square/reference_square.egg-info/SOURCES.txt'
writing manifest file '../build/reference_square/reference_square.egg-info/SOURCES.txt'
running build
running build_py
running install
running install_lib
running install_data
running install_egg_info
removing '/home/mamba/ros2_reference_square/install/reference_square/lib/python3.8/site-packages/reference_square-0.0.0-py3.8.egg-info' (and everything under it)
Copying ../build/reference_square/reference_square.egg-info to /home/mamba/ros2_reference_square/install/reference_square/lib/python3.8/site-packages/reference_square-0.0.0-py3.8.egg-info
running install_scripts
Installing camerainfo_pub script to /home/mamba/ros2_reference_square/install/reference_square/lib/reference_square
Installing image_pub script to /home/mamba/ros2_reference_square/install/reference_square/lib/reference_square
Installing odom_pub script to /home/mamba/ros2_reference_square/install/reference_square/lib/reference_square
Installing reference_square script to /home/mamba/ros2_reference_square/install/reference_square/lib/reference_square
writing list of installed files to '/home/mamba/ros2_reference_square/build/reference_square/install.log'
