[0.780s] Invoking command in '/home/mamba/ros2_reference_square/reference_square': PYTHONPATH=/home/mamba/ros2_reference_square/build/reference_square/prefix_override:/home/mamba/ros2_reference_square/install/reference_square/lib/python3.8/site-packages:${PYTHONPATH} /usr/bin/python3 setup.py egg_info --egg-base ../build/reference_square build --build-base /home/mamba/ros2_reference_square/build/reference_square/build install --record /home/mamba/ros2_reference_square/build/reference_square/install.log --install-scripts $base/lib/reference_square --single-version-externally-managed
[1.005s] running egg_info
[1.006s] writing ../build/reference_square/reference_square.egg-info/PKG-INFO
[1.006s] writing dependency_links to ../build/reference_square/reference_square.egg-info/dependency_links.txt
[1.006s] writing entry points to ../build/reference_square/reference_square.egg-info/entry_points.txt
[1.006s] writing requirements to ../build/reference_square/reference_square.egg-info/requires.txt
[1.007s] writing top-level names to ../build/reference_square/reference_square.egg-info/top_level.txt
[1.042s] reading manifest file '../build/reference_square/reference_square.egg-info/SOURCES.txt'
[1.042s] writing manifest file '../build/reference_square/reference_square.egg-info/SOURCES.txt'
[1.043s] running build
[1.043s] running build_py
[1.043s] running install
[1.044s] running install_lib
[1.046s] running install_data
[1.047s] running install_egg_info
[1.048s] removing '/home/mamba/ros2_reference_square/install/reference_square/lib/python3.8/site-packages/reference_square-0.0.0-py3.8.egg-info' (and everything under it)
[1.048s] Copying ../build/reference_square/reference_square.egg-info to /home/mamba/ros2_reference_square/install/reference_square/lib/python3.8/site-packages/reference_square-0.0.0-py3.8.egg-info
[1.049s] running install_scripts
[1.065s] Installing camerainfo_pub script to /home/mamba/ros2_reference_square/install/reference_square/lib/reference_square
[1.065s] Installing image_pub script to /home/mamba/ros2_reference_square/install/reference_square/lib/reference_square
[1.065s] Installing odom_pub script to /home/mamba/ros2_reference_square/install/reference_square/lib/reference_square
[1.066s] Installing reference_square script to /home/mamba/ros2_reference_square/install/reference_square/lib/reference_square
[1.066s] writing list of installed files to '/home/mamba/ros2_reference_square/build/reference_square/install.log'
[1.102s] Invoked command in '/home/mamba/ros2_reference_square/reference_square' returned '0': PYTHONPATH=/home/mamba/ros2_reference_square/build/reference_square/prefix_override:/home/mamba/ros2_reference_square/install/reference_square/lib/python3.8/site-packages:${PYTHONPATH} /usr/bin/python3 setup.py egg_info --egg-base ../build/reference_square build --build-base /home/mamba/ros2_reference_square/build/reference_square/build install --record /home/mamba/ros2_reference_square/build/reference_square/install.log --install-scripts $base/lib/reference_square --single-version-externally-managed
