[0.651s] Invoking command in '/home/mamba/ros2_reference_square/reference_square': PYTHONPATH=/home/mamba/ros2_reference_square/build/reference_square/prefix_override:/home/mamba/ros2_reference_square/install/reference_square/lib/python3.8/site-packages:${PYTHONPATH} /usr/bin/python3 setup.py egg_info --egg-base ../build/reference_square build --build-base /home/mamba/ros2_reference_square/build/reference_square/build install --record /home/mamba/ros2_reference_square/build/reference_square/install.log --install-scripts $base/lib/reference_square --single-version-externally-managed
[0.869s] running egg_info
[0.870s] writing ../build/reference_square/reference_square.egg-info/PKG-INFO
[0.870s] writing dependency_links to ../build/reference_square/reference_square.egg-info/dependency_links.txt
[0.870s] writing entry points to ../build/reference_square/reference_square.egg-info/entry_points.txt
[0.870s] writing requirements to ../build/reference_square/reference_square.egg-info/requires.txt
[0.870s] writing top-level names to ../build/reference_square/reference_square.egg-info/top_level.txt
[0.900s] reading manifest file '../build/reference_square/reference_square.egg-info/SOURCES.txt'
[0.901s] writing manifest file '../build/reference_square/reference_square.egg-info/SOURCES.txt'
[0.901s] running build
[0.901s] running build_py
[0.901s] copying reference_square/reference_square.py -> /home/mamba/ros2_reference_square/build/reference_square/build/lib/reference_square
[0.902s] running install
[0.902s] running install_lib
[0.903s] copying /home/mamba/ros2_reference_square/build/reference_square/build/lib/reference_square/reference_square.py -> /home/mamba/ros2_reference_square/install/reference_square/lib/python3.8/site-packages/reference_square
[0.903s] byte-compiling /home/mamba/ros2_reference_square/install/reference_square/lib/python3.8/site-packages/reference_square/reference_square.py to reference_square.cpython-38.pyc
[0.905s] running install_data
[0.906s] running install_egg_info
[0.907s] removing '/home/mamba/ros2_reference_square/install/reference_square/lib/python3.8/site-packages/reference_square-0.0.0-py3.8.egg-info' (and everything under it)
[0.907s] Copying ../build/reference_square/reference_square.egg-info to /home/mamba/ros2_reference_square/install/reference_square/lib/python3.8/site-packages/reference_square-0.0.0-py3.8.egg-info
[0.908s] running install_scripts
[0.922s] Installing camerainfo_pub script to /home/mamba/ros2_reference_square/install/reference_square/lib/reference_square
[0.922s] Installing image_pub script to /home/mamba/ros2_reference_square/install/reference_square/lib/reference_square
[0.922s] Installing odom_pub script to /home/mamba/ros2_reference_square/install/reference_square/lib/reference_square
[0.922s] Installing reference_square script to /home/mamba/ros2_reference_square/install/reference_square/lib/reference_square
[0.923s] writing list of installed files to '/home/mamba/ros2_reference_square/build/reference_square/install.log'
[0.942s] Invoked command in '/home/mamba/ros2_reference_square/reference_square' returned '0': PYTHONPATH=/home/mamba/ros2_reference_square/build/reference_square/prefix_override:/home/mamba/ros2_reference_square/install/reference_square/lib/python3.8/site-packages:${PYTHONPATH} /usr/bin/python3 setup.py egg_info --egg-base ../build/reference_square build --build-base /home/mamba/ros2_reference_square/build/reference_square/build install --record /home/mamba/ros2_reference_square/build/reference_square/install.log --install-scripts $base/lib/reference_square --single-version-externally-managed
