/home/mamba/ros2_reference_square/install/reference_square/lib/python3.8/site-packages/reference_square/calibration.py
/home/mamba/ros2_reference_square/install/reference_square/lib/python3.8/site-packages/reference_square/reference_square.py
/home/mamba/ros2_reference_square/install/reference_square/lib/python3.8/site-packages/reference_square/odom_pub.py
/home/mamba/ros2_reference_square/install/reference_square/lib/python3.8/site-packages/reference_square/image_pub.py
/home/mamba/ros2_reference_square/install/reference_square/lib/python3.8/site-packages/reference_square/__init__.py
/home/mamba/ros2_reference_square/install/reference_square/lib/python3.8/site-packages/reference_square/camera_config_pub.py
/home/mamba/ros2_reference_square/install/reference_square/lib/python3.8/site-packages/reference_square/__pycache__/calibration.cpython-38.pyc
/home/mamba/ros2_reference_square/install/reference_square/lib/python3.8/site-packages/reference_square/__pycache__/reference_square.cpython-38.pyc
/home/mamba/ros2_reference_square/install/reference_square/lib/python3.8/site-packages/reference_square/__pycache__/odom_pub.cpython-38.pyc
/home/mamba/ros2_reference_square/install/reference_square/lib/python3.8/site-packages/reference_square/__pycache__/image_pub.cpython-38.pyc
/home/mamba/ros2_reference_square/install/reference_square/lib/python3.8/site-packages/reference_square/__pycache__/__init__.cpython-38.pyc
/home/mamba/ros2_reference_square/install/reference_square/lib/python3.8/site-packages/reference_square/__pycache__/camera_config_pub.cpython-38.pyc
/home/mamba/ros2_reference_square/install/reference_square/share/ament_index/resource_index/packages/reference_square
/home/mamba/ros2_reference_square/install/reference_square/share/reference_square/package.xml
/home/mamba/ros2_reference_square/install/reference_square/lib/python3.8/site-packages/reference_square-0.0.0-py3.8.egg-info/dependency_links.txt
/home/mamba/ros2_reference_square/install/reference_square/lib/python3.8/site-packages/reference_square-0.0.0-py3.8.egg-info/entry_points.txt
/home/mamba/ros2_reference_square/install/reference_square/lib/python3.8/site-packages/reference_square-0.0.0-py3.8.egg-info/requires.txt
/home/mamba/ros2_reference_square/install/reference_square/lib/python3.8/site-packages/reference_square-0.0.0-py3.8.egg-info/zip-safe
/home/mamba/ros2_reference_square/install/reference_square/lib/python3.8/site-packages/reference_square-0.0.0-py3.8.egg-info/PKG-INFO
/home/mamba/ros2_reference_square/install/reference_square/lib/python3.8/site-packages/reference_square-0.0.0-py3.8.egg-info/SOURCES.txt
/home/mamba/ros2_reference_square/install/reference_square/lib/python3.8/site-packages/reference_square-0.0.0-py3.8.egg-info/top_level.txt
/home/mamba/ros2_reference_square/install/reference_square/lib/reference_square/camerainfo_pub
/home/mamba/ros2_reference_square/install/reference_square/lib/reference_square/image_pub
/home/mamba/ros2_reference_square/install/reference_square/lib/reference_square/odom_pub
/home/mamba/ros2_reference_square/install/reference_square/lib/reference_square/reference_square
