[0.686s] Invoking command in '/home/mamba/ros2_reference_square/reference_square': PYTHONPATH=/home/mamba/ros2_reference_square/build/reference_square/prefix_override:/home/mamba/ros2_reference_square/install/reference_square/lib/python3.8/site-packages:${PYTHONPATH} /usr/bin/python3 setup.py egg_info --egg-base ../build/reference_square build --build-base /home/mamba/ros2_reference_square/build/reference_square/build install --record /home/mamba/ros2_reference_square/build/reference_square/install.log --install-scripts $base/lib/reference_square --single-version-externally-managed
[0.938s] running egg_info
[0.938s] creating ../build/reference_square/reference_square.egg-info
[0.939s] writing ../build/reference_square/reference_square.egg-info/PKG-INFO
[0.939s] writing dependency_links to ../build/reference_square/reference_square.egg-info/dependency_links.txt
[0.939s] writing entry points to ../build/reference_square/reference_square.egg-info/entry_points.txt
[0.939s] writing requirements to ../build/reference_square/reference_square.egg-info/requires.txt
[0.939s] writing top-level names to ../build/reference_square/reference_square.egg-info/top_level.txt
[0.941s] writing manifest file '../build/reference_square/reference_square.egg-info/SOURCES.txt'
[0.976s] reading manifest file '../build/reference_square/reference_square.egg-info/SOURCES.txt'
[0.976s] writing manifest file '../build/reference_square/reference_square.egg-info/SOURCES.txt'
[0.977s] running build
[0.977s] running build_py
[0.977s] creating /home/mamba/ros2_reference_square/build/reference_square/build
[0.977s] creating /home/mamba/ros2_reference_square/build/reference_square/build/lib
[0.977s] creating /home/mamba/ros2_reference_square/build/reference_square/build/lib/reference_square
[0.977s] copying reference_square/calibration.py -> /home/mamba/ros2_reference_square/build/reference_square/build/lib/reference_square
[0.978s] copying reference_square/reference_square.py -> /home/mamba/ros2_reference_square/build/reference_square/build/lib/reference_square
[0.978s] copying reference_square/odom_pub.py -> /home/mamba/ros2_reference_square/build/reference_square/build/lib/reference_square
[0.978s] copying reference_square/image_pub.py -> /home/mamba/ros2_reference_square/build/reference_square/build/lib/reference_square
[0.978s] copying reference_square/__init__.py -> /home/mamba/ros2_reference_square/build/reference_square/build/lib/reference_square
[0.978s] copying reference_square/camera_config_pub.py -> /home/mamba/ros2_reference_square/build/reference_square/build/lib/reference_square
[0.978s] running install
[0.979s] running install_lib
[0.980s] creating /home/mamba/ros2_reference_square/install/reference_square/lib/python3.8/site-packages/reference_square
[0.980s] copying /home/mamba/ros2_reference_square/build/reference_square/build/lib/reference_square/calibration.py -> /home/mamba/ros2_reference_square/install/reference_square/lib/python3.8/site-packages/reference_square
[0.980s] copying /home/mamba/ros2_reference_square/build/reference_square/build/lib/reference_square/reference_square.py -> /home/mamba/ros2_reference_square/install/reference_square/lib/python3.8/site-packages/reference_square
[0.980s] copying /home/mamba/ros2_reference_square/build/reference_square/build/lib/reference_square/odom_pub.py -> /home/mamba/ros2_reference_square/install/reference_square/lib/python3.8/site-packages/reference_square
[0.981s] copying /home/mamba/ros2_reference_square/build/reference_square/build/lib/reference_square/image_pub.py -> /home/mamba/ros2_reference_square/install/reference_square/lib/python3.8/site-packages/reference_square
[0.981s] copying /home/mamba/ros2_reference_square/build/reference_square/build/lib/reference_square/__init__.py -> /home/mamba/ros2_reference_square/install/reference_square/lib/python3.8/site-packages/reference_square
[0.981s] copying /home/mamba/ros2_reference_square/build/reference_square/build/lib/reference_square/camera_config_pub.py -> /home/mamba/ros2_reference_square/install/reference_square/lib/python3.8/site-packages/reference_square
[0.981s] byte-compiling /home/mamba/ros2_reference_square/install/reference_square/lib/python3.8/site-packages/reference_square/calibration.py to calibration.cpython-38.pyc
[0.983s] byte-compiling /home/mamba/ros2_reference_square/install/reference_square/lib/python3.8/site-packages/reference_square/reference_square.py to reference_square.cpython-38.pyc
[0.984s] byte-compiling /home/mamba/ros2_reference_square/install/reference_square/lib/python3.8/site-packages/reference_square/odom_pub.py to odom_pub.cpython-38.pyc
[0.985s] byte-compiling /home/mamba/ros2_reference_square/install/reference_square/lib/python3.8/site-packages/reference_square/image_pub.py to image_pub.cpython-38.pyc
[0.985s] byte-compiling /home/mamba/ros2_reference_square/install/reference_square/lib/python3.8/site-packages/reference_square/__init__.py to __init__.cpython-38.pyc
[0.985s] byte-compiling /home/mamba/ros2_reference_square/install/reference_square/lib/python3.8/site-packages/reference_square/camera_config_pub.py to camera_config_pub.cpython-38.pyc
[0.985s] running install_data
[0.986s] creating /home/mamba/ros2_reference_square/install/reference_square/share/ament_index
[0.986s] creating /home/mamba/ros2_reference_square/install/reference_square/share/ament_index/resource_index
[0.986s] creating /home/mamba/ros2_reference_square/install/reference_square/share/ament_index/resource_index/packages
[0.987s] copying resource/reference_square -> /home/mamba/ros2_reference_square/install/reference_square/share/ament_index/resource_index/packages
[0.987s] copying package.xml -> /home/mamba/ros2_reference_square/install/reference_square/share/reference_square
[0.987s] running install_egg_info
[0.988s] Copying ../build/reference_square/reference_square.egg-info to /home/mamba/ros2_reference_square/install/reference_square/lib/python3.8/site-packages/reference_square-0.0.0-py3.8.egg-info
[0.989s] running install_scripts
[1.009s] Installing camerainfo_pub script to /home/mamba/ros2_reference_square/install/reference_square/lib/reference_square
[1.009s] Installing image_pub script to /home/mamba/ros2_reference_square/install/reference_square/lib/reference_square
[1.009s] Installing odom_pub script to /home/mamba/ros2_reference_square/install/reference_square/lib/reference_square
[1.009s] Installing reference_square script to /home/mamba/ros2_reference_square/install/reference_square/lib/reference_square
[1.009s] writing list of installed files to '/home/mamba/ros2_reference_square/build/reference_square/install.log'
[1.044s] Invoked command in '/home/mamba/ros2_reference_square/reference_square' returned '0': PYTHONPATH=/home/mamba/ros2_reference_square/build/reference_square/prefix_override:/home/mamba/ros2_reference_square/install/reference_square/lib/python3.8/site-packages:${PYTHONPATH} /usr/bin/python3 setup.py egg_info --egg-base ../build/reference_square build --build-base /home/mamba/ros2_reference_square/build/reference_square/build install --record /home/mamba/ros2_reference_square/build/reference_square/install.log --install-scripts $base/lib/reference_square --single-version-externally-managed
